#! /c/Source/iverilog-install/bin/vvp
:ivl_version "12.0 (devel)" "(s20150603-1539-g2693dd32b)";
:ivl_delay_selection "TYPICAL";
:vpi_time_precision - 9;
:vpi_module "D:\iverilog\iverilog\lib\ivl\system.vpi";
:vpi_module "D:\iverilog\iverilog\lib\ivl\vhdl_sys.vpi";
:vpi_module "D:\iverilog\iverilog\lib\ivl\vhdl_textio.vpi";
:vpi_module "D:\iverilog\iverilog\lib\ivl\v2005_math.vpi";
:vpi_module "D:\iverilog\iverilog\lib\ivl\va_math.vpi";
:vpi_module "D:\iverilog\iverilog\lib\ivl\v2009.vpi";
S_0000025dfdc98ff0 .scope package, "$unit" "$unit" 2 1;
 .timescale 0 0;
S_0000025dfdc99180 .scope module, "tb" "tb" 3 3;
 .timescale -9 -9;
P_0000025dfdb77ef0 .param/l "ADDR_SIZE" 1 3 10, +C4<00000000000000000000000000000100>;
P_0000025dfdb77f28 .param/l "DATA_WIDTH" 1 3 10, +C4<00000000000000000000000000001000>;
v0000025dfdd12010_0 .var "rclk", 0 0;
v0000025dfdd125b0_0 .net "rdata", 7 0, L_0000025dfdcab730;  1 drivers
v0000025dfdd120b0_0 .net "rempty", 0 0, v0000025dfdd0ef00_0;  1 drivers
v0000025dfdd10850_0 .var "rinc", 0 0;
v0000025dfdd11890_0 .var "rrst_n", 0 0;
v0000025dfdd112f0_0 .var "wclk", 0 0;
v0000025dfdd121f0_0 .var "wdata", 7 0;
v0000025dfdd12290_0 .net "wfull", 0 0, v0000025dfdd12470_0;  1 drivers
v0000025dfdd108f0_0 .var "winc", 0 0;
v0000025dfdd116b0_0 .var "wrst_n", 0 0;
E_0000025dfdcb85d0 .event posedge, v0000025dfdd0ea00_0;
E_0000025dfdcb8bd0 .event anyedge, v0000025dfdd0ef00_0;
E_0000025dfdcb8a50 .event negedge, v0000025dfdd0ea00_0;
E_0000025dfdcb80d0 .event negedge, v0000025dfdc935a0_0;
S_0000025dfdb76520 .scope module, "dut" "fifo" 3 17, 4 1 0, S_0000025dfdc99180;
 .timescale -9 -9;
    .port_info 0 /OUTPUT 8 "rdata";
    .port_info 1 /OUTPUT 1 "wfull";
    .port_info 2 /OUTPUT 1 "rempty";
    .port_info 3 /INPUT 8 "wdata";
    .port_info 4 /INPUT 1 "rclk";
    .port_info 5 /INPUT 1 "rinc";
    .port_info 6 /INPUT 1 "rrst_n";
    .port_info 7 /INPUT 1 "wclk";
    .port_info 8 /INPUT 1 "winc";
    .port_info 9 /INPUT 1 "wrst_n";
P_0000025dfdb78870 .param/l "ADDR_SIZE" 0 4 2, +C4<00000000000000000000000000000100>;
P_0000025dfdb788a8 .param/l "DATA_WIDTH" 0 4 3, +C4<00000000000000000000000000001000>;
v0000025dfdd10710_0 .net "r_wptr", 4 0, v0000025dfdd0d6a0_0;  1 drivers
v0000025dfdd11b10_0 .net "raddr", 3 0, L_0000025dfdd11070;  1 drivers
v0000025dfdd10990_0 .net "rclk", 0 0, v0000025dfdd12010_0;  1 drivers
v0000025dfdd11cf0_0 .net "rdata", 7 0, L_0000025dfdcab730;  alias, 1 drivers
v0000025dfdd10d50_0 .net "rempty", 0 0, v0000025dfdd0ef00_0;  alias, 1 drivers
v0000025dfdd11ed0_0 .net "rinc", 0 0, v0000025dfdd10850_0;  1 drivers
v0000025dfdd11570_0 .net "rptr", 4 0, v0000025dfdd0d9c0_0;  1 drivers
v0000025dfdd11390_0 .net "rrst_n", 0 0, v0000025dfdd11890_0;  1 drivers
v0000025dfdd11f70_0 .net "w_rptr", 4 0, v0000025dfdd0f0e0_0;  1 drivers
v0000025dfdd10cb0_0 .net "waddr", 3 0, L_0000025dfdd10fd0;  1 drivers
v0000025dfdd107b0_0 .net "wclk", 0 0, v0000025dfdd112f0_0;  1 drivers
v0000025dfdd10df0_0 .net "wdata", 7 0, v0000025dfdd121f0_0;  1 drivers
v0000025dfdd11750_0 .net "wfull", 0 0, v0000025dfdd12470_0;  alias, 1 drivers
v0000025dfdd10a30_0 .net "winc", 0 0, v0000025dfdd108f0_0;  1 drivers
v0000025dfdd11a70_0 .net "wptr", 4 0, v0000025dfdd11e30_0;  1 drivers
v0000025dfdd11250_0 .net "wrst_n", 0 0, v0000025dfdd116b0_0;  1 drivers
S_0000025dfdb766b0 .scope module, "memory" "fifo_memory" 4 50, 5 1 0, S_0000025dfdb76520;
 .timescale -9 -9;
    .port_info 0 /OUTPUT 8 "rdata";
    .port_info 1 /INPUT 8 "wdata";
    .port_info 2 /INPUT 4 "waddr";
    .port_info 3 /INPUT 4 "raddr";
    .port_info 4 /INPUT 1 "wclk_en";
    .port_info 5 /INPUT 1 "wfull";
    .port_info 6 /INPUT 1 "wclk";
P_0000025dfdb76840 .param/l "ADDR_SIZE" 0 5 3, +C4<00000000000000000000000000000100>;
P_0000025dfdb76878 .param/l "DATA_WIDTH" 0 5 2, +C4<00000000000000000000000000001000>;
P_0000025dfdb768b0 .param/l "DEPTH" 0 5 10, +C4<000000000000000000000000000000010000>;
L_0000025dfdcab730 .functor BUFZ 8, L_0000025dfdd0f980, C4<00000000>, C4<00000000>, C4<00000000>;
v0000025dfdc93a00_0 .net *"_ivl_0", 7 0, L_0000025dfdd0f980;  1 drivers
v0000025dfdc933c0_0 .net *"_ivl_2", 5 0, L_0000025dfdd0fb60;  1 drivers
L_0000025dfdd50238 .functor BUFT 1, C4<00>, C4<0>, C4<0>, C4<0>;
v0000025dfdc92f60_0 .net *"_ivl_5", 1 0, L_0000025dfdd50238;  1 drivers
v0000025dfdc93000 .array "mem", 15 0, 7 0;
v0000025dfdc931e0_0 .net "raddr", 3 0, L_0000025dfdd11070;  alias, 1 drivers
v0000025dfdc93460_0 .net "rdata", 7 0, L_0000025dfdcab730;  alias, 1 drivers
v0000025dfdc93500_0 .net "waddr", 3 0, L_0000025dfdd10fd0;  alias, 1 drivers
v0000025dfdc935a0_0 .net "wclk", 0 0, v0000025dfdd112f0_0;  alias, 1 drivers
v0000025dfdd0de20_0 .net "wclk_en", 0 0, v0000025dfdd108f0_0;  alias, 1 drivers
v0000025dfdd0ec80_0 .net "wdata", 7 0, v0000025dfdd121f0_0;  alias, 1 drivers
v0000025dfdd0e8c0_0 .net "wfull", 0 0, v0000025dfdd12470_0;  alias, 1 drivers
E_0000025dfdcb8390 .event posedge, v0000025dfdc935a0_0;
L_0000025dfdd0f980 .array/port v0000025dfdc93000, L_0000025dfdd0fb60;
L_0000025dfdd0fb60 .concat [ 4 2 0 0], L_0000025dfdd11070, L_0000025dfdd50238;
S_0000025dfdca8cb0 .scope module, "read_handler" "read_pointer_handle" 4 40, 6 1 0, S_0000025dfdb76520;
 .timescale -9 -9;
    .port_info 0 /OUTPUT 1 "rempty";
    .port_info 1 /OUTPUT 4 "raddr";
    .port_info 2 /OUTPUT 5 "r_ptr";
    .port_info 3 /INPUT 5 "r_wptr";
    .port_info 4 /INPUT 1 "rclk";
    .port_info 5 /INPUT 1 "rinc";
    .port_info 6 /INPUT 1 "rrst_n";
P_0000025dfdcb8c50 .param/l "ADDR_SIZE" 0 6 2, +C4<00000000000000000000000000000100>;
L_0000025dfdcaaa10 .functor NOT 5, L_0000025dfdd11110, C4<00000>, C4<00000>, C4<00000>;
L_0000025dfdcaacb0 .functor AND 5, L_0000025dfdd111b0, L_0000025dfdcaaa10, C4<11111>, C4<11111>;
L_0000025dfdcaad20 .functor XOR 5, L_0000025dfdd10c10, L_0000025dfdd11930, C4<00000>, C4<00000>;
v0000025dfdd0e320_0 .net *"_ivl_0", 4 0, L_0000025dfdd111b0;  1 drivers
v0000025dfdd0e640_0 .net *"_ivl_10", 4 0, L_0000025dfdcaacb0;  1 drivers
v0000025dfdd0e960_0 .net *"_ivl_14", 4 0, L_0000025dfdd10c10;  1 drivers
v0000025dfdd0d600_0 .net *"_ivl_16", 3 0, L_0000025dfdd123d0;  1 drivers
L_0000025dfdd501f0 .functor BUFT 1, C4<0>, C4<0>, C4<0>, C4<0>;
v0000025dfdd0df60_0 .net *"_ivl_18", 0 0, L_0000025dfdd501f0;  1 drivers
L_0000025dfdd50160 .functor BUFT 1, C4<0000>, C4<0>, C4<0>, C4<0>;
v0000025dfdd0e140_0 .net *"_ivl_3", 3 0, L_0000025dfdd50160;  1 drivers
v0000025dfdd0e6e0_0 .net *"_ivl_4", 4 0, L_0000025dfdd11110;  1 drivers
L_0000025dfdd501a8 .functor BUFT 1, C4<0000>, C4<0>, C4<0>, C4<0>;
v0000025dfdd0f040_0 .net *"_ivl_7", 3 0, L_0000025dfdd501a8;  1 drivers
v0000025dfdd0e780_0 .net *"_ivl_8", 4 0, L_0000025dfdcaaa10;  1 drivers
v0000025dfdd0eaa0_0 .var "curr_rbin", 4 0;
v0000025dfdd0f180_0 .net "empty", 0 0, L_0000025dfdd114d0;  1 drivers
v0000025dfdd0d9c0_0 .var "r_ptr", 4 0;
v0000025dfdd0dba0_0 .net "r_wptr", 4 0, v0000025dfdd0f0e0_0;  alias, 1 drivers
v0000025dfdd0e0a0_0 .net "raddr", 3 0, L_0000025dfdd11070;  alias, 1 drivers
v0000025dfdd0d740_0 .net "rbin_next", 4 0, L_0000025dfdd11930;  1 drivers
v0000025dfdd0ea00_0 .net "rclk", 0 0, v0000025dfdd12010_0;  alias, 1 drivers
v0000025dfdd0ef00_0 .var "rempty", 0 0;
v0000025dfdd0d380_0 .net "rgray_next", 4 0, L_0000025dfdcaad20;  1 drivers
v0000025dfdd0efa0_0 .net "rinc", 0 0, v0000025dfdd10850_0;  alias, 1 drivers
v0000025dfdd0dd80_0 .net "rrst_n", 0 0, v0000025dfdd11890_0;  alias, 1 drivers
E_0000025dfdcb8d50/0 .event negedge, v0000025dfdd0dd80_0;
E_0000025dfdcb8d50/1 .event posedge, v0000025dfdd0ea00_0;
E_0000025dfdcb8d50 .event/or E_0000025dfdcb8d50/0, E_0000025dfdcb8d50/1;
L_0000025dfdd111b0 .concat [ 1 4 0 0], v0000025dfdd10850_0, L_0000025dfdd50160;
L_0000025dfdd11110 .concat [ 1 4 0 0], v0000025dfdd0ef00_0, L_0000025dfdd501a8;
L_0000025dfdd11930 .arith/sum 5, v0000025dfdd0eaa0_0, L_0000025dfdcaacb0;
L_0000025dfdd123d0 .part L_0000025dfdd11930, 1, 4;
L_0000025dfdd10c10 .concat [ 4 1 0 0], L_0000025dfdd123d0, L_0000025dfdd501f0;
L_0000025dfdd11070 .part v0000025dfdd0eaa0_0, 0, 4;
L_0000025dfdd114d0 .cmp/eq 5, L_0000025dfdcaad20, v0000025dfdd0f0e0_0;
S_0000025dfdca8e40 .scope module, "rptr_to_wclk" "synchroniser" 4 22, 7 1 0, S_0000025dfdb76520;
 .timescale -9 -9;
    .port_info 0 /INPUT 5 "din";
    .port_info 1 /INPUT 1 "clk";
    .port_info 2 /INPUT 1 "rst_n";
    .port_info 3 /OUTPUT 5 "dout";
P_0000025dfdcb83d0 .param/l "SIZE" 0 7 1, +C4<000000000000000000000000000000101>;
v0000025dfdd0d7e0_0 .net "clk", 0 0, v0000025dfdd112f0_0;  alias, 1 drivers
v0000025dfdd0d2e0_0 .net "din", 4 0, v0000025dfdd0d9c0_0;  alias, 1 drivers
v0000025dfdd0d6a0_0 .var "dout", 4 0;
v0000025dfdd0dec0_0 .net "rst_n", 0 0, v0000025dfdd116b0_0;  alias, 1 drivers
v0000025dfdd0eb40_0 .var "temp", 4 0;
E_0000025dfdcb8b10/0 .event negedge, v0000025dfdd0dec0_0;
E_0000025dfdcb8b10/1 .event posedge, v0000025dfdc935a0_0;
E_0000025dfdcb8b10 .event/or E_0000025dfdcb8b10/0, E_0000025dfdcb8b10/1;
S_0000025dfdcad040 .scope module, "wptr_to_rclk" "synchroniser" 4 14, 7 1 0, S_0000025dfdb76520;
 .timescale -9 -9;
    .port_info 0 /INPUT 5 "din";
    .port_info 1 /INPUT 1 "clk";
    .port_info 2 /INPUT 1 "rst_n";
    .port_info 3 /OUTPUT 5 "dout";
P_0000025dfdcb8690 .param/l "SIZE" 0 7 1, +C4<000000000000000000000000000000101>;
v0000025dfdd0d420_0 .net "clk", 0 0, v0000025dfdd12010_0;  alias, 1 drivers
v0000025dfdd0e000_0 .net "din", 4 0, v0000025dfdd11e30_0;  alias, 1 drivers
v0000025dfdd0f0e0_0 .var "dout", 4 0;
v0000025dfdd0d4c0_0 .net "rst_n", 0 0, v0000025dfdd11890_0;  alias, 1 drivers
v0000025dfdd0dc40_0 .var "temp", 4 0;
S_0000025dfdcad1d0 .scope module, "write_handler" "write_pointer_handler" 4 30, 8 1 0, S_0000025dfdb76520;
 .timescale -9 -9;
    .port_info 0 /OUTPUT 1 "wfull";
    .port_info 1 /OUTPUT 4 "waddr";
    .port_info 2 /OUTPUT 5 "wptr";
    .port_info 3 /INPUT 5 "w_rptr";
    .port_info 4 /INPUT 1 "winc";
    .port_info 5 /INPUT 1 "wclk";
    .port_info 6 /INPUT 1 "wrst_n";
P_0000025dfdcb8610 .param/l "ADDR_SIZE" 0 8 1, +C4<00000000000000000000000000000100>;
L_0000025dfdcaabd0 .functor NOT 5, L_0000025dfdd10e90, C4<00000>, C4<00000>, C4<00000>;
L_0000025dfdcab5e0 .functor AND 5, L_0000025dfdd10ad0, L_0000025dfdcaabd0, C4<11111>, C4<11111>;
L_0000025dfdcab6c0 .functor XOR 5, L_0000025dfdd10b70, L_0000025dfdd11610, C4<00000>, C4<00000>;
L_0000025dfdcab030 .functor NOT 2, L_0000025dfdd12150, C4<00>, C4<00>, C4<00>;
v0000025dfdd0e820_0 .net *"_ivl_10", 4 0, L_0000025dfdcaabd0;  1 drivers
v0000025dfdd0d880_0 .net *"_ivl_12", 4 0, L_0000025dfdcab5e0;  1 drivers
v0000025dfdd0ebe0_0 .net *"_ivl_16", 4 0, L_0000025dfdd10b70;  1 drivers
v0000025dfdd0d920_0 .net *"_ivl_18", 3 0, L_0000025dfdd119d0;  1 drivers
v0000025dfdd0e3c0_0 .net *"_ivl_2", 4 0, L_0000025dfdd10ad0;  1 drivers
L_0000025dfdd50118 .functor BUFT 1, C4<0>, C4<0>, C4<0>, C4<0>;
v0000025dfdd0ed20_0 .net *"_ivl_20", 0 0, L_0000025dfdd50118;  1 drivers
v0000025dfdd0edc0_0 .net *"_ivl_25", 1 0, L_0000025dfdd12150;  1 drivers
v0000025dfdd0dce0_0 .net *"_ivl_26", 1 0, L_0000025dfdcab030;  1 drivers
v0000025dfdd0e1e0_0 .net *"_ivl_29", 2 0, L_0000025dfdd117f0;  1 drivers
v0000025dfdd0da60_0 .net *"_ivl_30", 4 0, L_0000025dfdd10f30;  1 drivers
L_0000025dfdd50088 .functor BUFT 1, C4<0000>, C4<0>, C4<0>, C4<0>;
v0000025dfdd0e280_0 .net *"_ivl_5", 3 0, L_0000025dfdd50088;  1 drivers
v0000025dfdd0d560_0 .net *"_ivl_6", 4 0, L_0000025dfdd10e90;  1 drivers
L_0000025dfdd500d0 .functor BUFT 1, C4<0000>, C4<0>, C4<0>, C4<0>;
v0000025dfdd0e460_0 .net *"_ivl_9", 3 0, L_0000025dfdd500d0;  1 drivers
v0000025dfdd0db00_0 .net "full", 0 0, L_0000025dfdd12330;  1 drivers
v0000025dfdd0ee60_0 .net "w_rptr", 4 0, v0000025dfdd0d6a0_0;  alias, 1 drivers
v0000025dfdd0e500_0 .net "waddr", 3 0, L_0000025dfdd10fd0;  alias, 1 drivers
v0000025dfdd0e5a0_0 .var "wbin", 4 0;
v0000025dfdd11d90_0 .net "wbin_next", 4 0, L_0000025dfdd11610;  1 drivers
v0000025dfdd11c50_0 .net "wclk", 0 0, v0000025dfdd112f0_0;  alias, 1 drivers
v0000025dfdd12470_0 .var "wfull", 0 0;
v0000025dfdd11430_0 .net "wgray_next", 4 0, L_0000025dfdcab6c0;  1 drivers
v0000025dfdd12510_0 .net "winc", 0 0, v0000025dfdd108f0_0;  alias, 1 drivers
v0000025dfdd11e30_0 .var "wptr", 4 0;
v0000025dfdd11bb0_0 .net "wrst_n", 0 0, v0000025dfdd116b0_0;  alias, 1 drivers
L_0000025dfdd10fd0 .part v0000025dfdd0e5a0_0, 0, 4;
L_0000025dfdd10ad0 .concat [ 1 4 0 0], v0000025dfdd108f0_0, L_0000025dfdd50088;
L_0000025dfdd10e90 .concat [ 1 4 0 0], v0000025dfdd12470_0, L_0000025dfdd500d0;
L_0000025dfdd11610 .arith/sum 5, v0000025dfdd0e5a0_0, L_0000025dfdcab5e0;
L_0000025dfdd119d0 .part L_0000025dfdd11610, 1, 4;
L_0000025dfdd10b70 .concat [ 4 1 0 0], L_0000025dfdd119d0, L_0000025dfdd50118;
L_0000025dfdd12150 .part v0000025dfdd0d6a0_0, 3, 2;
L_0000025dfdd117f0 .part v0000025dfdd0d6a0_0, 0, 3;
L_0000025dfdd10f30 .concat [ 3 2 0 0], L_0000025dfdd117f0, L_0000025dfdcab030;
L_0000025dfdd12330 .cmp/eq 5, L_0000025dfdcab6c0, L_0000025dfdd10f30;
    .scope S_0000025dfdcad040;
T_0 ;
    %wait E_0000025dfdcb8d50;
    %load/vec4 v0000025dfdd0d4c0_0;
    %nor/r;
    %flag_set/vec4 8;
    %jmp/0xz  T_0.0, 8;
    %pushi/vec4 0, 0, 5;
    %assign/vec4 v0000025dfdd0dc40_0, 0;
    %pushi/vec4 0, 0, 5;
    %assign/vec4 v0000025dfdd0f0e0_0, 0;
    %jmp T_0.1;
T_0.0 ;
    %load/vec4 v0000025dfdd0dc40_0;
    %assign/vec4 v0000025dfdd0f0e0_0, 0;
    %load/vec4 v0000025dfdd0e000_0;
    %assign/vec4 v0000025dfdd0dc40_0, 0;
T_0.1 ;
    %jmp T_0;
    .thread T_0;
    .scope S_0000025dfdca8e40;
T_1 ;
    %wait E_0000025dfdcb8b10;
    %load/vec4 v0000025dfdd0dec0_0;
    %nor/r;
    %flag_set/vec4 8;
    %jmp/0xz  T_1.0, 8;
    %pushi/vec4 0, 0, 5;
    %assign/vec4 v0000025dfdd0eb40_0, 0;
    %pushi/vec4 0, 0, 5;
    %assign/vec4 v0000025dfdd0d6a0_0, 0;
    %jmp T_1.1;
T_1.0 ;
    %load/vec4 v0000025dfdd0eb40_0;
    %assign/vec4 v0000025dfdd0d6a0_0, 0;
    %load/vec4 v0000025dfdd0d2e0_0;
    %assign/vec4 v0000025dfdd0eb40_0, 0;
T_1.1 ;
    %jmp T_1;
    .thread T_1;
    .scope S_0000025dfdcad1d0;
T_2 ;
    %wait E_0000025dfdcb8b10;
    %load/vec4 v0000025dfdd11bb0_0;
    %nor/r;
    %flag_set/vec4 8;
    %jmp/0xz  T_2.0, 8;
    %pushi/vec4 0, 0, 5;
    %assign/vec4 v0000025dfdd0e5a0_0, 0;
    %pushi/vec4 0, 0, 5;
    %assign/vec4 v0000025dfdd11e30_0, 0;
    %jmp T_2.1;
T_2.0 ;
    %load/vec4 v0000025dfdd11d90_0;
    %assign/vec4 v0000025dfdd0e5a0_0, 0;
    %load/vec4 v0000025dfdd11430_0;
    %assign/vec4 v0000025dfdd11e30_0, 0;
T_2.1 ;
    %jmp T_2;
    .thread T_2;
    .scope S_0000025dfdcad1d0;
T_3 ;
    %wait E_0000025dfdcb8b10;
    %load/vec4 v0000025dfdd11bb0_0;
    %nor/r;
    %flag_set/vec4 8;
    %jmp/0xz  T_3.0, 8;
    %pushi/vec4 0, 0, 1;
    %assign/vec4 v0000025dfdd12470_0, 0;
    %jmp T_3.1;
T_3.0 ;
    %load/vec4 v0000025dfdd0db00_0;
    %assign/vec4 v0000025dfdd12470_0, 0;
T_3.1 ;
    %jmp T_3;
    .thread T_3;
    .scope S_0000025dfdca8cb0;
T_4 ;
    %wait E_0000025dfdcb8d50;
    %load/vec4 v0000025dfdd0dd80_0;
    %nor/r;
    %flag_set/vec4 8;
    %jmp/0xz  T_4.0, 8;
    %pushi/vec4 0, 0, 5;
    %assign/vec4 v0000025dfdd0eaa0_0, 0;
    %pushi/vec4 0, 0, 5;
    %assign/vec4 v0000025dfdd0d9c0_0, 0;
    %pushi/vec4 1, 0, 1;
    %assign/vec4 v0000025dfdd0ef00_0, 0;
    %jmp T_4.1;
T_4.0 ;
    %load/vec4 v0000025dfdd0d740_0;
    %assign/vec4 v0000025dfdd0eaa0_0, 0;
    %load/vec4 v0000025dfdd0d380_0;
    %assign/vec4 v0000025dfdd0d9c0_0, 0;
    %load/vec4 v0000025dfdd0f180_0;
    %assign/vec4 v0000025dfdd0ef00_0, 0;
T_4.1 ;
    %jmp T_4;
    .thread T_4;
    .scope S_0000025dfdb766b0;
T_5 ;
    %wait E_0000025dfdcb8390;
    %load/vec4 v0000025dfdd0de20_0;
    %flag_set/vec4 9;
    %flag_get/vec4 9;
    %jmp/0 T_5.2, 9;
    %load/vec4 v0000025dfdd0e8c0_0;
    %nor/r;
    %and;
T_5.2;
    %flag_set/vec4 8;
    %jmp/0xz  T_5.0, 8;
    %load/vec4 v0000025dfdd0ec80_0;
    %load/vec4 v0000025dfdc93500_0;
    %pad/u 6;
    %ix/vec4 3;
    %ix/load 4, 0, 0; Constant delay
    %assign/vec4/a/d v0000025dfdc93000, 0, 4;
T_5.0 ;
    %jmp T_5;
    .thread T_5;
    .scope S_0000025dfdc99180;
T_6 ;
    %vpi_call/w 3 6 "$dumpfile", "async_fifo.vcd" {0 0 0};
    %vpi_call/w 3 7 "$dumpvars", 32'sb00000000000000000000000000000000, S_0000025dfdc99180 {0 0 0};
    %vpi_call/w 3 8 "$monitor", " rdata -> %d", v0000025dfdd125b0_0 {0 0 0};
    %end;
    .thread T_6;
    .scope S_0000025dfdc99180;
T_7 ;
    %delay 5, 0;
    %load/vec4 v0000025dfdd112f0_0;
    %inv;
    %store/vec4 v0000025dfdd112f0_0, 0, 1;
    %jmp T_7;
    .thread T_7;
    .scope S_0000025dfdc99180;
T_8 ;
    %delay 10, 0;
    %load/vec4 v0000025dfdd12010_0;
    %inv;
    %store/vec4 v0000025dfdd12010_0, 0, 1;
    %jmp T_8;
    .thread T_8;
    .scope S_0000025dfdc99180;
T_9 ;
    %pushi/vec4 0, 0, 8;
    %store/vec4 v0000025dfdd121f0_0, 0, 8;
    %pushi/vec4 0, 0, 1;
    %store/vec4 v0000025dfdd12010_0, 0, 1;
    %pushi/vec4 0, 0, 1;
    %store/vec4 v0000025dfdd10850_0, 0, 1;
    %pushi/vec4 0, 0, 1;
    %store/vec4 v0000025dfdd11890_0, 0, 1;
    %pushi/vec4 0, 0, 1;
    %store/vec4 v0000025dfdd112f0_0, 0, 1;
    %pushi/vec4 0, 0, 1;
    %store/vec4 v0000025dfdd108f0_0, 0, 1;
    %pushi/vec4 0, 0, 1;
    %store/vec4 v0000025dfdd116b0_0, 0, 1;
    %wait E_0000025dfdcb8a50;
    %wait E_0000025dfdcb8a50;
    %pushi/vec4 1, 0, 1;
    %store/vec4 v0000025dfdd11890_0, 0, 1;
    %pushi/vec4 1, 0, 1;
    %store/vec4 v0000025dfdd116b0_0, 0, 1;
    %wait E_0000025dfdcb80d0;
    %pushi/vec4 15, 0, 8;
    %store/vec4 v0000025dfdd121f0_0, 0, 8;
    %pushi/vec4 1, 0, 1;
    %store/vec4 v0000025dfdd108f0_0, 0, 1;
    %wait E_0000025dfdcb80d0;
    %pushi/vec4 1, 0, 8;
    %store/vec4 v0000025dfdd121f0_0, 0, 8;
    %wait E_0000025dfdcb80d0;
    %pushi/vec4 3, 0, 8;
    %store/vec4 v0000025dfdd121f0_0, 0, 8;
    %wait E_0000025dfdcb8a50;
    %pushi/vec4 0, 0, 1;
    %store/vec4 v0000025dfdd108f0_0, 0, 1;
    %pushi/vec4 1, 0, 1;
    %store/vec4 v0000025dfdd10850_0, 0, 1;
T_9.0 ;
    %load/vec4 v0000025dfdd120b0_0;
    %pad/u 32;
    %pushi/vec4 0, 0, 32;
    %cmp/e;
    %flag_get/vec4 4;
    %cmpi/ne 1, 0, 1;
    %jmp/0xz T_9.1, 6;
    %wait E_0000025dfdcb8bd0;
    %jmp T_9.0;
T_9.1 ;
    %pushi/vec4 5, 0, 32;
T_9.2 %dup/vec4;
    %pushi/vec4 0, 0, 32;
    %cmp/s;
    %jmp/1xz T_9.3, 5;
    %jmp/1 T_9.3, 4;
    %pushi/vec4 1, 0, 32;
    %sub;
    %wait E_0000025dfdcb85d0;
    %jmp T_9.2;
T_9.3 ;
    %pop/vec4 1;
    %vpi_call/w 3 46 "$finish" {0 0 0};
    %end;
    .thread T_9;
# The file index is used to find the file name in the following table.
:file_names 9;
    "N/A";
    "<interactive>";
    "-";
    "tb.v";
    "fifo.sv";
    "fifo_memory.sv";
    "read_pointer_handle.sv";
    "synchroniser.sv";
    "write_pointer_handler.sv";
